Сборка начата 14.03.2022 16:40:11.
Уровень детализации журнала: Normal.     1>Проект "C:\Users\Frein\Desktop\work\2 сем\ОАИП\ЛР7 Полустатические структуры данных стеки\ЛР7 Полустатические структуры данных стеки\ЛР7 Полустатические структуры данных стеки.vcxproj" в узле 2 (целевые объекты Build).
     1>InitializeBuildStatus:
         Создание "Debug\ЛР7 Полу.055b4829.tlog\unsuccessfulbuild", так как было задано "AlwaysCreate".
       ClCompile:
         C:\Program Files (x86)\Microsoft Visual Studio\2019\Community\VC\Tools\MSVC\14.29.30133\bin\HostX86\x86\CL.exe /c /ZI /JMC /nologo /W3 /WX- /diagnostics:column /sdl /Od /Oy- /D WIN32 /D _DEBUG /D _CONSOLE /D _UNICODE /D UNICODE /Gm- /EHsc /RTC1 /MDd /GS /fp:precise /permissive- /Zc:wchar_t /Zc:forScope /Zc:inline /Fo"Debug\\" /Fd"Debug\vc142.pdb" /external:W3 /Gd /TP /analyze- /FC /errorReport:prompt myStack.cpp
         myStack.cpp
     1>C:\Users\Frein\Desktop\work\2 сем\ОАИП\ЛР7 Полустатические структуры данных стеки\ЛР7 Полустатические структуры данных стеки\myStack.cpp(111,16): warning C4244: =: преобразование "double" в "int", возможна потеря данных
       Link:
         C:\Program Files (x86)\Microsoft Visual Studio\2019\Community\VC\Tools\MSVC\14.29.30133\bin\HostX86\x86\link.exe /ERRORREPORT:PROMPT /OUT:"C:\Users\Frein\Desktop\work\2 сем\ОАИП\ЛР7 Полустатические структуры данных стеки\Debug\ЛР7 Полустатические структуры данных стеки.exe" /INCREMENTAL /ILK:"Debug\ЛР7 Полустатические структуры данных стеки.ilk" /NOLOGO kernel32.lib user32.lib gdi32.lib winspool.lib comdlg32.lib advapi32.lib shell32.lib ole32.lib oleaut32.lib uuid.lib odbc32.lib odbccp32.lib /MANIFEST /MANIFESTUAC:"level='asInvoker' uiAccess='false'" /manifest:embed /DEBUG /PDB:"C:\Users\Frein\Desktop\work\2 сем\ОАИП\ЛР7 Полустатические структуры данных стеки\Debug\ЛР7 Полустатические структуры данных стеки.pdb" /SUBSYSTEM:CONSOLE /TLBID:1 /DYNAMICBASE /NXCOMPAT /IMPLIB:"C:\Users\Frein\Desktop\work\2 сем\ОАИП\ЛР7 Полустатические структуры данных стеки\Debug\ЛР7 Полустатические структуры данных стеки.lib" /MACHINE:X86 Debug\proectStack.obj
         Debug\myStack.obj
         Debug\stdafx.obj
         ЛР7 Полустатические структуры данных стеки.vcxproj -> C:\Users\Frein\Desktop\work\2 сем\ОАИП\ЛР7 Полустатические структуры данных стеки\Debug\ЛР7 Полустатические структуры данных стеки.exe
       FinalizeBuildStatus:
         Файл "Debug\ЛР7 Полу.055b4829.tlog\unsuccessfulbuild" удаляется.
         Обращение к "Debug\ЛР7 Полу.055b4829.tlog\ЛР7 Полустатические структуры данных стеки.lastbuildstate".
     1>Сборка проекта "C:\Users\Frein\Desktop\work\2 сем\ОАИП\ЛР7 Полустатические структуры данных стеки\ЛР7 Полустатические структуры данных стеки\ЛР7 Полустатические структуры данных стеки.vcxproj" завершена (целевые объекты Build).

Сборка успешно завершена.

       "C:\Users\Frein\Desktop\work\2 сем\ОАИП\ЛР7 Полустатические структуры данных стеки\ЛР7 Полустатические структуры данных стеки\ЛР7 Полустатические структуры данных стеки.vcxproj" (целевой объект Build ) (1) ->
       (Целевой объект ClCompile) -> 
         C:\Users\Frein\Desktop\work\2 сем\ОАИП\ЛР7 Полустатические структуры данных стеки\ЛР7 Полустатические структуры данных стеки\myStack.cpp(111,16): warning C4244: =: преобразование "double" в "int", возможна потеря данных

    Предупреждений: 1
    Ошибок: 0

Прошло времени 00:00:02.05
